<?xml version="1.0" encoding="UTF-8"?>
<!-- Generated by org.testng.reporters.JUnitReportReporter -->
<testsuite hostname="DESKTOP-IGKFSRT" failures="0" tests="2" name="Multibrowser_Testng.browser_suite" time="21.494" errors="0" timestamp="2023-01-04T14:56:48 IST" skipped="0">
  <testcase classname="Multibrowser_Testng.browser_suite" name="TC" time="10.653"/>
  <system-out/>
  <testcase classname="Multibrowser_Testng.browser_suite" name="TC" time="10.841"/>
  <system-out/>
</testsuite> <!-- Multibrowser_Testng.browser_suite -->
