<?xml version="1.0" encoding="UTF-8"?>
<!-- Generated by org.testng.reporters.JUnitReportReporter -->
<testsuite hostname="DESKTOP-IGKFSRT" failures="0" tests="3" name="TestNG_Priority.Priority" time="0.028" errors="0" timestamp="2022-12-29T11:51:48 IST" skipped="0">
  <testcase classname="TestNG_Priority.Priority" name="TC3" time="0.023"/>
  <system-out>
    <![CDATA[running TC3]]>
  </system-out>
  <testcase classname="TestNG_Priority.Priority" name="TC1" time="0.003"/>
  <system-out>
    <![CDATA[running TC1]]>
  </system-out>
  <testcase classname="TestNG_Priority.Priority" name="TC2" time="0.002"/>
  <system-out>
    <![CDATA[running TC2]]>
  </system-out>
</testsuite> <!-- TestNG_Priority.Priority -->
