<?xml version="1.0" encoding="UTF-8"?>
<!-- Generated by org.testng.reporters.JUnitReportReporter -->
<testsuite hostname="DESKTOP-IGKFSRT" failures="0" tests="2" name="Multibrowser_Testng.Multibrowser" time="41.673" errors="0" timestamp="2023-01-04T21:10:12 IST" skipped="0">
  <testcase classname="Multibrowser_Testng.Multibrowser" name="TC1" time="15.124"/>
  <system-out/>
  <testcase classname="Multibrowser_Testng.Multibrowser" name="TC1" time="26.549"/>
  <system-out/>
</testsuite> <!-- Multibrowser_Testng.Multibrowser -->
