<?xml version="1.0" encoding="UTF-8"?>
<!-- Generated by org.testng.reporters.JUnitReportReporter -->
<testsuite hostname="DESKTOP-IGKFSRT" failures="0" tests="1" name="Multibrowser_Testng.Multibrowser_T" time="38.044" errors="0" timestamp="2023-01-05T11:02:21 IST" skipped="0">
  <testcase classname="Multibrowser_Testng.Multibrowser_T" name="TC" time="38.044"/>
  <system-out/>
</testsuite> <!-- Multibrowser_Testng.Multibrowser_T -->
