<?xml version="1.0" encoding="UTF-8"?>
<!-- Generated by org.testng.reporters.JUnitReportReporter -->
<testsuite hostname="DESKTOP-IGKFSRT" failures="0" tests="3" name="Batch_Testng.Batch_Sample3" time="0.008" errors="0" timestamp="2023-01-03T16:10:58 IST" skipped="0">
  <testcase classname="Batch_Testng.Batch_Sample3" name="TC8" time="0.002"/>
  <system-out>
    <![CDATA[Running TC8]]>
  </system-out>
  <testcase classname="Batch_Testng.Batch_Sample3" name="TC7" time="0.003"/>
  <system-out>
    <![CDATA[Running TC7]]>
  </system-out>
  <testcase classname="Batch_Testng.Batch_Sample3" name="TC9" time="0.003"/>
  <system-out>
    <![CDATA[Running TC9]]>
  </system-out>
</testsuite> <!-- Batch_Testng.Batch_Sample3 -->
