<?xml version="1.0" encoding="UTF-8"?>
<!-- Generated by org.testng.reporters.JUnitReportReporter -->
<testsuite hostname="DESKTOP-IGKFSRT" failures="0" tests="5" name="TestNG_flag.A" time="0.034" errors="0" timestamp="2022-12-29T11:38:22 IST" skipped="0">
  <testcase classname="TestNG_flag.A" name="TC" time="0.002"/>
  <system-out>
    <![CDATA[running TC]]>
  </system-out>
  <testcase classname="TestNG_flag.A" name="TC" time="0.021"/>
  <system-out>
    <![CDATA[running TC]]>
  </system-out>
  <testcase classname="TestNG_flag.A" name="TC" time="0.007"/>
  <system-out>
    <![CDATA[running TC]]>
  </system-out>
  <testcase classname="TestNG_flag.A" name="TC" time="0.002"/>
  <system-out>
    <![CDATA[running TC]]>
  </system-out>
  <testcase classname="TestNG_flag.A" name="TC" time="0.002"/>
  <system-out>
    <![CDATA[running TC]]>
  </system-out>
</testsuite> <!-- TestNG_flag.A -->
