<?xml version="1.0" encoding="UTF-8"?>
<!-- Generated by org.testng.reporters.JUnitReportReporter -->
<testsuite hostname="DESKTOP-IGKFSRT" failures="0" tests="3" name="Batch_Testng.Batch_Sample2" time="0.009" errors="0" timestamp="2023-01-03T16:10:58 IST" skipped="0">
  <testcase classname="Batch_Testng.Batch_Sample2" name="TC4" time="0.002"/>
  <system-out>
    <![CDATA[running TC4]]>
  </system-out>
  <testcase classname="Batch_Testng.Batch_Sample2" name="TC5" time="0.003"/>
  <system-out>
    <![CDATA[running TC5]]>
  </system-out>
  <testcase classname="Batch_Testng.Batch_Sample2" name="TC6" time="0.004"/>
  <system-out>
    <![CDATA[Runing TC6]]>
  </system-out>
</testsuite> <!-- Batch_Testng.Batch_Sample2 -->
