<?xml version="1.0" encoding="UTF-8"?>
<!-- Generated by org.testng.reporters.JUnitReportReporter -->
<testsuite hostname="DESKTOP-IGKFSRT" failures="0" tests="1" name="Parallel_TestNG.Parallel3" time="72.925" errors="0" timestamp="2023-01-03T16:26:21 IST" skipped="0">
  <testcase classname="Parallel_TestNG.Parallel3" name="TC" time="72.925"/>
  <system-out/>
</testsuite> <!-- Parallel_TestNG.Parallel3 -->
