<?xml version="1.0" encoding="UTF-8"?>
<!-- Generated by org.testng.reporters.JUnitReportReporter -->
<testsuite hostname="DESKTOP-IGKFSRT" failures="0" tests="1" name="Multibrowser_Testng.Multibrowser_suite" time="17.127" errors="0" timestamp="2023-01-04T18:42:14 IST" skipped="0">
  <testcase classname="Multibrowser_Testng.Multibrowser_suite" name="TC" time="17.127"/>
  <system-out/>
</testsuite> <!-- Multibrowser_Testng.Multibrowser_suite -->
