<?xml version="1.0" encoding="UTF-8"?>
<!-- Generated by org.testng.reporters.JUnitReportReporter -->
<testsuite hostname="DESKTOP-IGKFSRT" failures="0" tests="1" name="Testng_Annotation.Tstng" time="0.016" errors="0" timestamp="2022-12-29T11:21:08 IST" skipped="0">
  <testcase classname="Testng_Annotation.Tstng" name="verifyuserID" time="0.016"/>
  <system-out>
    <![CDATA[Running verify userID]]>
  </system-out>
</testsuite> <!-- Testng_Annotation.Tstng -->
