<?xml version="1.0" encoding="UTF-8"?>
<!-- Generated by org.testng.reporters.JUnitReportReporter -->
<testsuite hostname="DESKTOP-IGKFSRT" failures="0" tests="3" name="Batch_Testng.Batch_Sample1" time="0.034" errors="0" timestamp="2023-01-03T16:10:58 IST" skipped="0">
  <testcase classname="Batch_Testng.Batch_Sample1" name="TC3" time="0.003"/>
  <system-out>
    <![CDATA[Running TC3]]>
  </system-out>
  <testcase classname="Batch_Testng.Batch_Sample1" name="TC2" time="0.003"/>
  <system-out>
    <![CDATA[Running TC2]]>
  </system-out>
  <testcase classname="Batch_Testng.Batch_Sample1" name="TC1" time="0.028"/>
  <system-out>
    <![CDATA[running TC1]]>
  </system-out>
</testsuite> <!-- Batch_Testng.Batch_Sample1 -->
