<?xml version="1.0" encoding="UTF-8"?>
<!-- Generated by org.testng.reporters.JUnitReportReporter -->
<testsuite hostname="DESKTOP-IGKFSRT" failures="0" tests="1" name="Testng_Paramterized_returntype.Test1" time="4.882" errors="0" timestamp="2023-01-13T21:28:24 IST" skipped="0">
  <testcase classname="Testng_Paramterized_returntype.Test1" name="verifyText" time="4.882"/>
  <system-out>
    <![CDATA[Running verify text]]>
  </system-out>
</testsuite> <!-- Testng_Paramterized_returntype.Test1 -->
