<?xml version="1.0" encoding="UTF-8"?>
<!-- Generated by org.testng.reporters.JUnitReportReporter -->
<testsuite hostname="DESKTOP-IGKFSRT" failures="0" tests="2" name="Multibrowser_Testng.Multi_browser_suite1" time="54.473" errors="0" timestamp="2023-01-05T11:55:06 IST" skipped="0">
  <testcase classname="Multibrowser_Testng.Multi_browser_suite1" name="TC" time="28.168"/>
  <system-out/>
  <testcase classname="Multibrowser_Testng.Multi_browser_suite1" name="TC" time="26.305"/>
  <system-out/>
</testsuite> <!-- Multibrowser_Testng.Multi_browser_suite1 -->
