<?xml version="1.0" encoding="UTF-8"?>
<!-- Generated by org.testng.reporters.JUnitReportReporter -->
<testsuite hostname="DESKTOP-IGKFSRT" failures="0" tests="1" name="Parallel_TestNG.Parallel1" time="11.325" errors="0" timestamp="2023-01-03T16:55:07 IST" skipped="0">
  <testcase classname="Parallel_TestNG.Parallel1" name="TC1" time="11.325"/>
  <system-out/>
</testsuite> <!-- Parallel_TestNG.Parallel1 -->
