<?xml version="1.0" encoding="UTF-8"?>
<!-- Generated by org.testng.reporters.JUnitReportReporter -->
<testsuite hostname="DESKTOP-IGKFSRT" failures="0" tests="1" name="Assert_equals.Assert_t" time="0.024" errors="0" timestamp="2023-01-06T12:07:12 IST" skipped="0">
  <testcase classname="Assert_equals.Assert_t" name="TC1" time="0.024"/>
  <system-out>
    <![CDATA[Running with TC]]>
  </system-out>
</testsuite> <!-- Assert_equals.Assert_t -->
