<?xml version="1.0" encoding="UTF-8"?>
<!-- Generated by org.testng.reporters.JUnitReportReporter -->
<testsuite hostname="DESKTOP-IGKFSRT" failures="0" tests="1" name="Assert_equals.Assert_notEquals" time="0.022" errors="0" timestamp="2023-01-06T12:10:14 IST" skipped="0">
  <testcase classname="Assert_equals.Assert_notEquals" name="TC" time="0.022"/>
  <system-out>
    <![CDATA[Running TC]]>
  </system-out>
</testsuite> <!-- Assert_equals.Assert_notEquals -->
