<?xml version="1.0" encoding="UTF-8"?>
<!-- Generated by org.testng.reporters.JUnitReportReporter -->
<testsuite hostname="DESKTOP-IGKFSRT" failures="0" tests="1" name="Testng.Sample1" time="0.023" errors="0" timestamp="2022-12-28T16:15:12 IST" skipped="0">
  <testcase classname="Testng.Sample1" name="TC1" time="0.023"/>
  <system-out>
    <![CDATA[Welcome to Testng ]]>
  </system-out>
</testsuite> <!-- Testng.Sample1 -->
